{"level":"info","message":"Article lacks heading. Consider using “h2”-“h6” elements to add identifying headings to all articles.","meta":{"path":"/home/jack/Repos/pletem/public/pages/faq/index.html","place":"From line: 1 column: 1398"},"timestamp":"2019-24-02 11:24:55"}
{"level":"info","message":"Article lacks heading. Consider using “h2”-“h6” elements to add identifying headings to all articles.","meta":{"path":"/home/jack/Repos/pletem/public/pages/faq/index.html","place":"From line: 3 column: 312"},"timestamp":"2019-24-02 11:24:55"}
{"level":"info","message":"Article lacks heading. Consider using “h2”-“h6” elements to add identifying headings to all articles.","meta":{"path":"/home/jack/Repos/pletem/public/pages/faq/index.html","place":"From line: 5 column: 311"},"timestamp":"2019-24-02 11:24:55"}
{"level":"info","message":"Article lacks heading. Consider using “h2”-“h6” elements to add identifying headings to all articles.","meta":{"path":"/home/jack/Repos/pletem/public/pages/faq/index.html","place":"From line: 7 column: 314"},"timestamp":"2019-24-02 11:24:55"}
{"level":"info","message":"This document appears to be written in Lorem ipsum text but the “html” start tag has “lang=\"ru\"”. Consider using “lang=\"zxx\"” (or variant) instead.","meta":{"path":"/home/jack/Repos/pletem/public/pages/faq/index.html","place":"From line: 1 column: 31"},"timestamp":"2019-24-02 11:24:55"}
{"level":"error","message":"The attribute name of [ charSet ] must be in lowercase.","meta":{"path":"/home/jack/Repos/pletem/public/pages/faq/index.html","place":"From line: 1 column: 43"},"timestamp":"2019-24-02 11:24:55"}
{"level":"error","message":"The attribute name of [ crossOrigin ] must be in lowercase.","meta":{"path":"/home/jack/Repos/pletem/public/pages/faq/index.html","place":"From line: 1 column: 489"},"timestamp":"2019-24-02 11:24:55"}
{"level":"error","message":"The attribute name of [ charSet ] must be in lowercase.","meta":{"path":"/home/jack/Repos/pletem/public/pages/about/index.html","place":"From line: 1 column: 43"},"timestamp":"2019-26-02 11:26:49"}
{"level":"error","message":"The attribute name of [ crossOrigin ] must be in lowercase.","meta":{"path":"/home/jack/Repos/pletem/public/pages/about/index.html","place":"From line: 1 column: 489"},"timestamp":"2019-26-02 11:26:49"}
{"level":"error","message":"The attribute name of [ charSet ] must be in lowercase.","meta":{"path":"/home/jack/Repos/pletem/public/pages/contacts/index.html","place":"From line: 1 column: 43"},"timestamp":"2019-26-02 11:26:52"}
{"level":"error","message":"The attribute name of [ crossOrigin ] must be in lowercase.","meta":{"path":"/home/jack/Repos/pletem/public/pages/contacts/index.html","place":"From line: 1 column: 489"},"timestamp":"2019-26-02 11:26:52"}
{"level":"info","message":"Article lacks heading. Consider using “h2”-“h6” elements to add identifying headings to all articles.","meta":{"path":"/home/jack/Repos/pletem/public/pages/faq/index.html","place":"From line: 1 column: 1398"},"timestamp":"2019-26-02 11:26:55"}
{"level":"info","message":"Article lacks heading. Consider using “h2”-“h6” elements to add identifying headings to all articles.","meta":{"path":"/home/jack/Repos/pletem/public/pages/faq/index.html","place":"From line: 3 column: 312"},"timestamp":"2019-26-02 11:26:55"}
{"level":"info","message":"Article lacks heading. Consider using “h2”-“h6” elements to add identifying headings to all articles.","meta":{"path":"/home/jack/Repos/pletem/public/pages/faq/index.html","place":"From line: 5 column: 311"},"timestamp":"2019-26-02 11:26:55"}
{"level":"info","message":"Article lacks heading. Consider using “h2”-“h6” elements to add identifying headings to all articles.","meta":{"path":"/home/jack/Repos/pletem/public/pages/faq/index.html","place":"From line: 7 column: 314"},"timestamp":"2019-26-02 11:26:55"}
{"level":"info","message":"This document appears to be written in Lorem ipsum text but the “html” start tag has “lang=\"ru\"”. Consider using “lang=\"zxx\"” (or variant) instead.","meta":{"path":"/home/jack/Repos/pletem/public/pages/faq/index.html","place":"From line: 1 column: 31"},"timestamp":"2019-26-02 11:26:55"}
{"level":"error","message":"The attribute name of [ charSet ] must be in lowercase.","meta":{"path":"/home/jack/Repos/pletem/public/pages/faq/index.html","place":"From line: 1 column: 43"},"timestamp":"2019-26-02 11:26:55"}
{"level":"error","message":"The attribute name of [ crossOrigin ] must be in lowercase.","meta":{"path":"/home/jack/Repos/pletem/public/pages/faq/index.html","place":"From line: 1 column: 489"},"timestamp":"2019-26-02 11:26:55"}
{"level":"error","message":"The attribute name of [ charSet ] must be in lowercase.","meta":{"path":"/home/jack/Repos/pletem/public/pages/gallery/index.html","place":"From line: 1 column: 43"},"timestamp":"2019-26-02 11:26:58"}
{"level":"error","message":"The attribute name of [ crossOrigin ] must be in lowercase.","meta":{"path":"/home/jack/Repos/pletem/public/pages/gallery/index.html","place":"From line: 1 column: 489"},"timestamp":"2019-26-02 11:26:58"}
{"level":"info","message":"Article lacks heading. Consider using “h2”-“h6” elements to add identifying headings to all articles.","meta":{"path":"/home/jack/Repos/pletem/public/pages/prices/index.html","place":"From line: 1 column: 1410"},"timestamp":"2019-27-02 11:27:01"}
{"level":"info","message":"Article lacks heading. Consider using “h2”-“h6” elements to add identifying headings to all articles.","meta":{"path":"/home/jack/Repos/pletem/public/pages/prices/index.html","place":"From line: 4 column: 359"},"timestamp":"2019-27-02 11:27:01"}
{"level":"info","message":"Article lacks heading. Consider using “h2”-“h6” elements to add identifying headings to all articles.","meta":{"path":"/home/jack/Repos/pletem/public/pages/prices/index.html","place":"From line: 4 column: 1096"},"timestamp":"2019-27-02 11:27:01"}
{"level":"info","message":"Article lacks heading. Consider using “h2”-“h6” elements to add identifying headings to all articles.","meta":{"path":"/home/jack/Repos/pletem/public/pages/prices/index.html","place":"From line: 4 column: 1692"},"timestamp":"2019-27-02 11:27:01"}
{"level":"error","message":"The attribute name of [ charSet ] must be in lowercase.","meta":{"path":"/home/jack/Repos/pletem/public/pages/prices/index.html","place":"From line: 1 column: 43"},"timestamp":"2019-27-02 11:27:01"}
{"level":"error","message":"The attribute name of [ crossOrigin ] must be in lowercase.","meta":{"path":"/home/jack/Repos/pletem/public/pages/prices/index.html","place":"From line: 1 column: 489"},"timestamp":"2019-27-02 11:27:01"}
{"level":"error","message":"The attribute name of [ viewBox ] must be in lowercase.","meta":{"path":"/home/jack/Repos/pletem/public/pages/prices/index.html","place":"From line: 8 column: 531"},"timestamp":"2019-27-02 11:27:01"}
{"level":"error","message":"The attribute name of [ viewBox ] must be in lowercase.","meta":{"path":"/home/jack/Repos/pletem/public/pages/prices/index.html","place":"From line: 8 column: 1389"},"timestamp":"2019-27-02 11:27:01"}
{"level":"error","message":"The attribute name of [ viewBox ] must be in lowercase.","meta":{"path":"/home/jack/Repos/pletem/public/pages/prices/index.html","place":"From line: 8 column: 2247"},"timestamp":"2019-27-02 11:27:01"}
{"level":"error","message":"The attribute name of [ viewBox ] must be in lowercase.","meta":{"path":"/home/jack/Repos/pletem/public/pages/prices/index.html","place":"From line: 8 column: 3109"},"timestamp":"2019-27-02 11:27:01"}
{"level":"error","message":"The attribute name of [ viewBox ] must be in lowercase.","meta":{"path":"/home/jack/Repos/pletem/public/pages/prices/index.html","place":"From line: 8 column: 4027"},"timestamp":"2019-27-02 11:27:01"}
{"level":"error","message":"The attribute name of [ viewBox ] must be in lowercase.","meta":{"path":"/home/jack/Repos/pletem/public/pages/prices/index.html","place":"From line: 8 column: 4895"},"timestamp":"2019-27-02 11:27:01"}
{"level":"error","message":"The attribute name of [ viewBox ] must be in lowercase.","meta":{"path":"/home/jack/Repos/pletem/public/pages/prices/index.html","place":"From line: 8 column: 5755"},"timestamp":"2019-27-02 11:27:01"}
{"level":"error","message":"The attribute name of [ charSet ] must be in lowercase.","meta":{"path":"/home/jack/Repos/pletem/public/pages/testimonials/index.html","place":"From line: 1 column: 43"},"timestamp":"2019-27-02 11:27:04"}
{"level":"error","message":"The attribute name of [ crossOrigin ] must be in lowercase.","meta":{"path":"/home/jack/Repos/pletem/public/pages/testimonials/index.html","place":"From line: 1 column: 489"},"timestamp":"2019-27-02 11:27:04"}
{"level":"success","message":"Document checking completed. No errors found.","meta":{"path":"/home/jack/Repos/pletem/public/pages/about/index.html"},"timestamp":"2019-32-02 11:32:57"}
{"level":"info","message":"Article lacks heading. Consider using “h2”-“h6” elements to add identifying headings to all articles.","meta":{"path":"/home/jack/Repos/pletem/public/pages/faq/index.html","place":"From line: 1 column: 1398"},"timestamp":"2019-32-02 11:32:59"}
{"level":"info","message":"Article lacks heading. Consider using “h2”-“h6” elements to add identifying headings to all articles.","meta":{"path":"/home/jack/Repos/pletem/public/pages/faq/index.html","place":"From line: 3 column: 312"},"timestamp":"2019-32-02 11:32:59"}
{"level":"info","message":"Article lacks heading. Consider using “h2”-“h6” elements to add identifying headings to all articles.","meta":{"path":"/home/jack/Repos/pletem/public/pages/faq/index.html","place":"From line: 5 column: 311"},"timestamp":"2019-32-02 11:32:59"}
{"level":"info","message":"Article lacks heading. Consider using “h2”-“h6” elements to add identifying headings to all articles.","meta":{"path":"/home/jack/Repos/pletem/public/pages/faq/index.html","place":"From line: 7 column: 314"},"timestamp":"2019-32-02 11:32:59"}
{"level":"info","message":"This document appears to be written in Lorem ipsum text but the “html” start tag has “lang=\"ru\"”. Consider using “lang=\"zxx\"” (or variant) instead.","meta":{"path":"/home/jack/Repos/pletem/public/pages/faq/index.html","place":"From line: 1 column: 31"},"timestamp":"2019-32-02 11:32:59"}
{"level":"success","message":"Document checking completed. No errors found.","meta":{"path":"/home/jack/Repos/pletem/public/pages/contacts/index.html"},"timestamp":"2019-33-02 11:33:02"}
{"level":"success","message":"Document checking completed. No errors found.","meta":{"path":"/home/jack/Repos/pletem/public/pages/gallery/index.html"},"timestamp":"2019-33-02 11:33:05"}
{"level":"info","message":"Article lacks heading. Consider using “h2”-“h6” elements to add identifying headings to all articles.","meta":{"path":"/home/jack/Repos/pletem/public/pages/prices/index.html","place":"From line: 1 column: 1410"},"timestamp":"2019-33-02 11:33:07"}
{"level":"info","message":"Article lacks heading. Consider using “h2”-“h6” elements to add identifying headings to all articles.","meta":{"path":"/home/jack/Repos/pletem/public/pages/prices/index.html","place":"From line: 4 column: 359"},"timestamp":"2019-33-02 11:33:07"}
{"level":"info","message":"Article lacks heading. Consider using “h2”-“h6” elements to add identifying headings to all articles.","meta":{"path":"/home/jack/Repos/pletem/public/pages/prices/index.html","place":"From line: 4 column: 1096"},"timestamp":"2019-33-02 11:33:07"}
{"level":"info","message":"Article lacks heading. Consider using “h2”-“h6” elements to add identifying headings to all articles.","meta":{"path":"/home/jack/Repos/pletem/public/pages/prices/index.html","place":"From line: 4 column: 1692"},"timestamp":"2019-33-02 11:33:07"}
{"level":"success","message":"Document checking completed. No errors found.","meta":{"path":"/home/jack/Repos/pletem/public/pages/testimonials/index.html"},"timestamp":"2019-33-02 11:33:10"}
{"level":"success","message":"Document checking completed. No errors found.","meta":{"path":"/home/jack/Repos/pletem/public/pages/about/index.html"},"timestamp":"2019-44-02 12:44:46"}
{"level":"success","message":"Document checking completed. No errors found.","meta":{"path":"/home/jack/Repos/pletem/public/pages/contacts/index.html"},"timestamp":"2019-44-02 12:44:49"}
{"level":"success","message":"Document checking completed. No errors found.","meta":{"path":"/home/jack/Repos/pletem/public/pages/prices/index.html"},"timestamp":"2019-44-02 12:44:52"}
{"level":"success","message":"Document checking completed. No errors found.","meta":{"path":"/home/jack/Repos/pletem/public/pages/testimonials/index.html"},"timestamp":"2019-44-02 12:44:54"}
{"level":"success","message":"Document checking completed. No errors found.","meta":{"path":"/home/jack/Repos/pletem/public/pages/gallery/index.html"},"timestamp":"2019-44-02 12:44:57"}
{"level":"success","message":"Document checking completed. No errors found.","meta":{"path":"/home/jack/Repos/pletem/public/pages/faq/index.html"},"timestamp":"2019-44-02 12:44:59"}
